<?xml version="1.0" encoding="UTF-8"?>
<testng-results skipped="0" failed="1" ignored="0" total="4" passed="3">
  <reporter-output>
  </reporter-output>
  <suite name="Default suite" duration-ms="24465" started-at="2017-02-22T16:10:01Z" finished-at="2017-02-22T16:10:25Z">
    <groups>
    </groups>
    <test name="Default test" duration-ms="24465" started-at="2017-02-22T16:10:01Z" finished-at="2017-02-22T16:10:25Z">
      <class name="Tests.SplashScreenTests">
        <test-method status="PASS" signature="beforeMethod()[pri:0, instance:Tests.SplashScreenTests@3532ec19]" name="beforeMethod" is-config="true" duration-ms="12053" started-at="2017-02-22T08:10:01Z" finished-at="2017-02-22T08:10:13Z">
          <reporter-output>
          </reporter-output>
        </test-method> <!-- beforeMethod -->
        <test-method status="PASS" signature="verifyAllElements()[pri:1, instance:Tests.SplashScreenTests@3532ec19]" name="verifyAllElements" duration-ms="2219" started-at="2017-02-22T08:10:13Z" finished-at="2017-02-22T08:10:15Z">
          <reporter-output>
          </reporter-output>
        </test-method> <!-- verifyAllElements -->
        <test-method status="PASS" signature="tapSignUpBtn()[pri:2, instance:Tests.SplashScreenTests@3532ec19]" name="tapSignUpBtn" duration-ms="3254" started-at="2017-02-22T08:10:15Z" finished-at="2017-02-22T08:10:18Z">
          <reporter-output>
          </reporter-output>
        </test-method> <!-- tapSignUpBtn -->
        <test-method status="PASS" signature="tapSignInBtn()[pri:3, instance:Tests.SplashScreenTests@3532ec19]" name="tapSignInBtn" duration-ms="3133" started-at="2017-02-22T08:10:18Z" finished-at="2017-02-22T08:10:22Z">
          <reporter-output>
          </reporter-output>
        </test-method> <!-- tapSignInBtn -->
        <test-method status="FAIL" signature="tapCloseBtn()[pri:4, instance:Tests.SplashScreenTests@3532ec19]" name="tapCloseBtn" duration-ms="3785" started-at="2017-02-22T08:10:22Z" finished-at="2017-02-22T08:10:25Z">
          <exception class="org.openqa.selenium.NoSuchElementException">
            <message>
              <![CDATA[Can't locate an element by this strategy: By.id: com.vsco.cam.nightly:id/onboarding_car_textview
For documentation on this error, please visit: http://seleniumhq.org/exceptions/no_such_element.html
Build info: version: 'unknown', revision: 'unknown', time: 'unknown'
System info: host: 'SQADT14011', ip: '192.168.1.87', os.name: 'Windows 7', os.arch: 'amd64', os.version: '6.1', java.version: '1.8.0_121'
Driver info: driver.version: unknown]]>
            </message>
            <full-stacktrace>
              <![CDATA[org.openqa.selenium.NoSuchElementException: Can't locate an element by this strategy: By.id: com.vsco.cam.nightly:id/onboarding_car_textview
For documentation on this error, please visit: http://seleniumhq.org/exceptions/no_such_element.html
Build info: version: 'unknown', revision: 'unknown', time: 'unknown'
System info: host: 'SQADT14011', ip: '192.168.1.87', os.name: 'Windows 7', os.arch: 'amd64', os.version: '6.1', java.version: '1.8.0_121'
Driver info: driver.version: unknown
	at io.appium.java_client.pagefactory.AppiumElementLocator.findElement(AppiumElementLocator.java:152)
	at io.appium.java_client.pagefactory.interceptors.InterceptorOfASingleElement.intercept(InterceptorOfASingleElement.java:51)
	at io.appium.java_client.android.AndroidElement$$EnhancerByCGLIB$$c0b591f0.isDisplayed(<generated>)
	at Tests.SplashScreenTests.tapCloseBtn(SplashScreenTests.java:47)
	at sun.reflect.NativeMethodAccessorImpl.invoke0(Native Method)
	at sun.reflect.NativeMethodAccessorImpl.invoke(Unknown Source)
	at sun.reflect.DelegatingMethodAccessorImpl.invoke(Unknown Source)
	at java.lang.reflect.Method.invoke(Unknown Source)
	at org.testng.internal.MethodInvocationHelper.invokeMethod(MethodInvocationHelper.java:104)
	at org.testng.internal.Invoker.invokeMethod(Invoker.java:645)
	at org.testng.internal.Invoker.invokeTestMethod(Invoker.java:851)
	at org.testng.internal.Invoker.invokeTestMethods(Invoker.java:1177)
	at org.testng.internal.TestMethodWorker.invokeTestMethods(TestMethodWorker.java:129)
	at org.testng.internal.TestMethodWorker.run(TestMethodWorker.java:112)
	at org.testng.TestRunner.privateRun(TestRunner.java:756)
	at org.testng.TestRunner.run(TestRunner.java:610)
	at org.testng.SuiteRunner.runTest(SuiteRunner.java:387)
	at org.testng.SuiteRunner.runSequentially(SuiteRunner.java:382)
	at org.testng.SuiteRunner.privateRun(SuiteRunner.java:340)
	at org.testng.SuiteRunner.run(SuiteRunner.java:289)
	at org.testng.SuiteRunnerWorker.runSuite(SuiteRunnerWorker.java:52)
	at org.testng.SuiteRunnerWorker.run(SuiteRunnerWorker.java:86)
	at org.testng.TestNG.runSuitesSequentially(TestNG.java:1293)
	at org.testng.TestNG.runSuitesLocally(TestNG.java:1218)
	at org.testng.TestNG.runSuites(TestNG.java:1133)
	at org.testng.TestNG.run(TestNG.java:1104)
	at org.testng.remote.AbstractRemoteTestNG.run(AbstractRemoteTestNG.java:132)
	at org.testng.remote.RemoteTestNG.initAndRun(RemoteTestNG.java:236)
	at org.testng.remote.RemoteTestNG.main(RemoteTestNG.java:81)
]]>
            </full-stacktrace>
          </exception> <!-- org.openqa.selenium.NoSuchElementException -->
          <reporter-output>
          </reporter-output>
        </test-method> <!-- tapCloseBtn -->
      </class> <!-- Tests.SplashScreenTests -->
    </test> <!-- Default test -->
  </suite> <!-- Default suite -->
</testng-results>
